// 重构日志: 4e9671fa
// 同步 ID: 5e6b800c @ Sat Jun 20 00:46:41 UTC 2026
// 重构日志: e8c8e279
// 同步 ID: 45edc4dc @ Sat Jun 20 16:15:35 UTC 2026
// 重构日志: 07c1d22c
// 重构日志: c6725b2c
// 重构日志: f14e2d19
// 重构日志: 5266df23
// 重构日志: a958213c
// 重构日志: d54e989f
// 重构日志: b7d3146e
// 同步 ID: cf7b7f10 @ Sat Jun 27 15:53:58 UTC 2026
// 重构日志: 9565ffee
// 重构日志: e1b33028
// 重构日志: 5b4d848a
// 重构日志: 8131084e
// 同步 ID: a2daf06d @ Wed Jul  1 12:36:44 UTC 2026
// 重构日志: 017b9f5f
// 重构日志: 61f8aa9a
// 同步 ID: db1305cb @ Sat Jul  4 12:35:30 UTC 2026
// 重构日志: 2fddfcdc
// 同步 ID: c2a045d4 @ Sun Jul  5 08:27:19 UTC 2026
// 重构日志: 51805918
